#
# There is insufficient memory for the Java Runtime Environment to continue.
# Native memory allocation (malloc) failed to allocate 245776 bytes for Chunk::new
# Possible reasons:
#   The system is out of physical RAM or swap space
#   The process is running with CompressedOops enabled, and the Java Heap may be blocking the growth of the native heap
# Possible solutions:
#   Reduce memory load on the system
#   Increase physical memory or swap space
#   Check if swap backing store is full
#   Decrease Java heap size (-Xmx/-Xms)
#   Decrease number of Java threads
#   Decrease Java thread stack sizes (-Xss)
#   Set larger code cache with -XX:ReservedCodeCacheSize=
#   JVM is running with Unscaled Compressed Oops mode in which the Java heap is
#     placed in the first 4GB address space. The Java Heap base address is the
#     maximum limit for the native heap growth. Please use -XX:HeapBaseMinAddress
#     to set the Java Heap base and to place the Java Heap above 4GB virtual address.
# This output file may be truncated or incomplete.
#
#  Out of Memory Error (allocation.cpp:390), pid=8372, tid=0x0000000000002920
#
# JRE version: Java(TM) SE Runtime Environment (8.0_201-b09) (build 1.8.0_201-b09)
# Java VM: Java HotSpot(TM) 64-Bit Server VM (25.201-b09 mixed mode windows-amd64 compressed oops)
# Failed to write core dump. Minidumps are not enabled by default on client versions of Windows
#

---------------  T H R E A D  ---------------

Current thread (0x0000000019db6000):  JavaThread "C2 CompilerThread1" daemon [_thread_in_native, id=10528, stack(0x000000001a650000,0x000000001a750000)]

Stack: [0x000000001a650000,0x000000001a750000]
[error occurred during error reporting (printing stack bounds), id 0xc0000005]

Native frames: (J=compiled Java code, j=interpreted, Vv=VM code, C=native code)


Current CompileTask:
C2:   2630 1415       4       math.SpVect::addGeneral (159 bytes)


---------------  P R O C E S S  ---------------

Java Threads: ( => current thread )
  0x000000001b2ac000 JavaThread "Thread-8" [_thread_blocked, id=15580, stack(0x000000001dd10000,0x000000001de10000)]
  0x000000001b2a9000 JavaThread "Thread-7" [_thread_blocked, id=17668, stack(0x000000001dc10000,0x000000001dd10000)]
  0x000000001b20f800 JavaThread "Thread-6" [_thread_blocked, id=4268, stack(0x000000001db10000,0x000000001dc10000)]
  0x000000001b355800 JavaThread "Thread-5" [_thread_blocked, id=1956, stack(0x000000001da10000,0x000000001db10000)]
  0x000000001af81000 JavaThread "Thread-4" [_thread_in_Java, id=9144, stack(0x000000001d710000,0x000000001d810000)]
  0x000000001af79800 JavaThread "Thread-3" [_thread_blocked, id=2948, stack(0x000000001d610000,0x000000001d710000)]
  0x000000001af78800 JavaThread "Thread-2" [_thread_blocked, id=7712, stack(0x000000001d510000,0x000000001d610000)]
  0x000000001af6e800 JavaThread "TimerQueue" daemon [_thread_blocked, id=9648, stack(0x000000001d410000,0x000000001d510000)]
  0x00000000028fe000 JavaThread "DestroyJavaVM" [_thread_blocked, id=18064, stack(0x0000000002940000,0x0000000002a40000)]
  0x000000001a12d000 JavaThread "AWT-EventQueue-0" [_thread_blocked, id=14736, stack(0x000000001c130000,0x000000001c230000)]
  0x000000001ad12800 JavaThread "AWT-Windows" daemon [_thread_in_native, id=552, stack(0x000000001b700000,0x000000001b800000)]
  0x000000001ad11800 JavaThread "AWT-Shutdown" [_thread_blocked, id=10736, stack(0x000000001b600000,0x000000001b700000)]
  0x000000001ad11000 JavaThread "Java2D Disposer" daemon [_thread_blocked, id=6820, stack(0x000000001b4a0000,0x000000001b5a0000)]
  0x0000000019e32800 JavaThread "Service Thread" daemon [_thread_blocked, id=3736, stack(0x000000001a950000,0x000000001aa50000)]
  0x0000000019dbc800 JavaThread "C1 CompilerThread3" daemon [_thread_blocked, id=4504, stack(0x000000001a850000,0x000000001a950000)]
  0x0000000019db9000 JavaThread "C2 CompilerThread2" daemon [_thread_in_native, id=15540, stack(0x000000001a750000,0x000000001a850000)]
=>0x0000000019db6000 JavaThread "C2 CompilerThread1" daemon [_thread_in_native, id=10528, stack(0x000000001a650000,0x000000001a750000)]
  0x0000000019db0800 JavaThread "C2 CompilerThread0" daemon [_thread_in_native, id=15132, stack(0x000000001a550000,0x000000001a650000)]
  0x0000000019dae000 JavaThread "Attach Listener" daemon [_thread_blocked, id=12232, stack(0x000000001a450000,0x000000001a550000)]
  0x0000000019dad800 JavaThread "Signal Dispatcher" daemon [_thread_blocked, id=10068, stack(0x000000001a350000,0x000000001a450000)]
  0x0000000019d50800 JavaThread "Finalizer" daemon [_thread_blocked, id=10108, stack(0x000000001a130000,0x000000001a230000)]
  0x0000000002ea9000 JavaThread "Reference Handler" daemon [_thread_blocked, id=3076, stack(0x0000000019c30000,0x0000000019d30000)]

Other Threads:
  0x0000000017e49800 VMThread [stack: 0x0000000019b30000,0x0000000019c30000] [id=2904]
  0x0000000019e60800 WatcherThread [stack: 0x000000001aa50000,0x000000001ab50000] [id=9168]

VM state:not at safepoint (normal execution)

VM Mutex/Monitor currently owned by a thread: None

heap address: 0x0000000081e00000, size: 2018 MB, Compressed Oops mode: 32-bit
Narrow klass base: 0x0000000000000000, Narrow klass shift: 3
Compressed class space size: 1073741824 Address: 0x0000000100000000

Heap:
 PSYoungGen      total 71680K, used 34162K [0x00000000d5f80000, 0x00000000de780000, 0x0000000100000000)
  eden space 52224K, 52% used [0x00000000d5f80000,0x00000000d7a15570,0x00000000d9280000)
  from space 19456K, 35% used [0x00000000d9280000,0x00000000d9947360,0x00000000da580000)
  to   space 17408K, 0% used [0x00000000dd680000,0x00000000dd680000,0x00000000de780000)
 ParOldGen       total 87552K, used 12151K [0x0000000081e00000, 0x0000000087380000, 0x00000000d5f80000)
  object space 87552K, 13% used [0x0000000081e00000,0x00000000829ddd40,0x0000000087380000)
 Metaspace       used 12884K, capacity 13124K, committed 13440K, reserved 1060864K
  class space    used 1490K, capacity 1576K, committed 1664K, reserved 1048576K

Card table byte_map: [0x0000000012270000,0x0000000012670000] byte_map_base: 0x0000000011e61000

Marking Bits: (ParMarkBitMap*) 0x0000000055584ce0
 Begin Bits: [0x0000000013120000, 0x00000000150a8000)
 End Bits:   [0x00000000150a8000, 0x0000000017030000)

Polling page: 0x00000000028d0000

CodeCache: size=245760Kb used=5194Kb max_used=5194Kb free=240565Kb
 bounds [0x0000000002eb0000, 0x00000000033d0000, 0x0000000011eb0000]
 total_blobs=1972 nmethods=1438 adapters=447
 compilation: enabled

Compilation events (10 events):
Event: 2.622 Thread 0x0000000019dbc800 1437       1       javax.swing.JLabel::getVerticalAlignment (5 bytes)
Event: 2.622 Thread 0x0000000019dbc800 nmethod 1437 0x00000000033c3dd0 code [0x00000000033c3f20, 0x00000000033c4030]
Event: 2.622 Thread 0x0000000019dbc800 1438       1       javax.swing.JLabel::getHorizontalAlignment (5 bytes)
Event: 2.622 Thread 0x0000000019dbc800 nmethod 1438 0x00000000033c4090 code [0x00000000033c41e0, 0x00000000033c42f0]
Event: 2.622 Thread 0x0000000019dbc800 1439       1       javax.swing.JLabel::getVerticalTextPosition (5 bytes)
Event: 2.622 Thread 0x0000000019dbc800 nmethod 1439 0x00000000033c4350 code [0x00000000033c44a0, 0x00000000033c45b0]
Event: 2.622 Thread 0x0000000019dbc800 1440       1       javax.swing.JLabel::getHorizontalTextPosition (5 bytes)
Event: 2.623 Thread 0x0000000019dbc800 nmethod 1440 0x00000000033c4610 code [0x00000000033c4760, 0x00000000033c4870]
Event: 2.623 Thread 0x0000000019dbc800 1441       1       javax.swing.JLabel::getIconTextGap (5 bytes)
Event: 2.623 Thread 0x0000000019dbc800 nmethod 1441 0x00000000033c48d0 code [0x00000000033c4a20, 0x00000000033c4b30]

GC Heap History (10 events):
Event: 2.244 GC heap before
{Heap before GC invocations=6 (full 1):
 PSYoungGen      total 38400K, used 34826K [0x00000000d5f80000, 0x00000000daa80000, 0x0000000100000000)
  eden space 33280K, 100% used [0x00000000d5f80000,0x00000000d8000000,0x00000000d8000000)
  from space 5120K, 30% used [0x00000000d8500000,0x00000000d86829d0,0x00000000d8a00000)
  to   space 5120K, 0% used [0x00000000d8000000,0x00000000d8000000,0x00000000d8500000)
 ParOldGen       total 87552K, used 9092K [0x0000000081e00000, 0x0000000087380000, 0x00000000d5f80000)
  object space 87552K, 10% used [0x0000000081e00000,0x00000000826e10e8,0x0000000087380000)
 Metaspace       used 12565K, capacity 12804K, committed 12928K, reserved 1060864K
  class space    used 1478K, capacity 1576K, committed 1664K, reserved 1048576K
Event: 2.245 GC heap after
Heap after GC invocations=6 (full 1):
 PSYoungGen      total 38400K, used 1834K [0x00000000d5f80000, 0x00000000daa80000, 0x0000000100000000)
  eden space 33280K, 0% used [0x00000000d5f80000,0x00000000d5f80000,0x00000000d8000000)
  from space 5120K, 35% used [0x00000000d8000000,0x00000000d81ca9d0,0x00000000d8500000)
  to   space 5120K, 0% used [0x00000000da580000,0x00000000da580000,0x00000000daa80000)
 ParOldGen       total 87552K, used 9092K [0x0000000081e00000, 0x0000000087380000, 0x00000000d5f80000)
  object space 87552K, 10% used [0x0000000081e00000,0x00000000826e10e8,0x0000000087380000)
 Metaspace       used 12565K, capacity 12804K, committed 12928K, reserved 1060864K
  class space    used 1478K, capacity 1576K, committed 1664K, reserved 1048576K
}
Event: 2.286 GC heap before
{Heap before GC invocations=7 (full 1):
 PSYoungGen      total 38400K, used 35114K [0x00000000d5f80000, 0x00000000daa80000, 0x0000000100000000)
  eden space 33280K, 100% used [0x00000000d5f80000,0x00000000d8000000,0x00000000d8000000)
  from space 5120K, 35% used [0x00000000d8000000,0x00000000d81ca9d0,0x00000000d8500000)
  to   space 5120K, 0% used [0x00000000da580000,0x00000000da580000,0x00000000daa80000)
 ParOldGen       total 87552K, used 9092K [0x0000000081e00000, 0x0000000087380000, 0x00000000d5f80000)
  object space 87552K, 10% used [0x0000000081e00000,0x00000000826e10e8,0x0000000087380000)
 Metaspace       used 12565K, capacity 12804K, committed 12928K, reserved 1060864K
  class space    used 1478K, capacity 1576K, committed 1664K, reserved 1048576K
Event: 2.288 GC heap after
Heap after GC invocations=7 (full 1):
 PSYoungGen      total 57344K, used 2090K [0x00000000d5f80000, 0x00000000dc680000, 0x0000000100000000)
  eden space 52224K, 0% used [0x00000000d5f80000,0x00000000d5f80000,0x00000000d9280000)
  from space 5120K, 40% used [0x00000000da580000,0x00000000da78a9d0,0x00000000daa80000)
  to   space 19456K, 0% used [0x00000000d9280000,0x00000000d9280000,0x00000000da580000)
 ParOldGen       total 87552K, used 9092K [0x0000000081e00000, 0x0000000087380000, 0x00000000d5f80000)
  object space 87552K, 10% used [0x0000000081e00000,0x00000000826e10e8,0x0000000087380000)
 Metaspace       used 12565K, capacity 12804K, committed 12928K, reserved 1060864K
  class space    used 1478K, capacity 1576K, committed 1664K, reserved 1048576K
}
Event: 2.369 GC heap before
{Heap before GC invocations=8 (full 1):
 PSYoungGen      total 57344K, used 54314K [0x00000000d5f80000, 0x00000000dc680000, 0x0000000100000000)
  eden space 52224K, 100% used [0x00000000d5f80000,0x00000000d9280000,0x00000000d9280000)
  from space 5120K, 40% used [0x00000000da580000,0x00000000da78a9d0,0x00000000daa80000)
  to   space 19456K, 0% used [0x00000000d9280000,0x00000000d9280000,0x00000000da580000)
 ParOldGen       total 87552K, used 9092K [0x0000000081e00000, 0x0000000087380000, 0x00000000d5f80000)
  object space 87552K, 10% used [0x0000000081e00000,0x00000000826e10e8,0x0000000087380000)
 Metaspace       used 12580K, capacity 12804K, committed 12928K, reserved 1060864K
  class space    used 1478K, capacity 1576K, committed 1664K, reserved 1048576K
Event: 2.371 GC heap after
Heap after GC invocations=8 (full 1):
 PSYoungGen      total 71680K, used 2442K [0x00000000d5f80000, 0x00000000dc680000, 0x0000000100000000)
  eden space 52224K, 0% used [0x00000000d5f80000,0x00000000d5f80000,0x00000000d9280000)
  from space 19456K, 12% used [0x00000000d9280000,0x00000000d94e29d0,0x00000000da580000)
  to   space 5120K, 0% used [0x00000000da580000,0x00000000da580000,0x00000000daa80000)
 ParOldGen       total 87552K, used 9092K [0x0000000081e00000, 0x0000000087380000, 0x00000000d5f80000)
  object space 87552K, 10% used [0x0000000081e00000,0x00000000826e10e8,0x0000000087380000)
 Metaspace       used 12580K, capacity 12804K, committed 12928K, reserved 1060864K
  class space    used 1478K, capacity 1576K, committed 1664K, reserved 1048576K
}
Event: 2.513 GC heap before
{Heap before GC invocations=9 (full 1):
 PSYoungGen      total 71680K, used 54655K [0x00000000d5f80000, 0x00000000dc680000, 0x0000000100000000)
  eden space 52224K, 99% used [0x00000000d5f80000,0x00000000d927d3b0,0x00000000d9280000)
  from space 19456K, 12% used [0x00000000d9280000,0x00000000d94e29d0,0x00000000da580000)
  to   space 5120K, 0% used [0x00000000da580000,0x00000000da580000,0x00000000daa80000)
 ParOldGen       total 87552K, used 9092K [0x0000000081e00000, 0x0000000087380000, 0x00000000d5f80000)
  object space 87552K, 10% used [0x0000000081e00000,0x00000000826e10e8,0x0000000087380000)
 Metaspace       used 12811K, capacity 12996K, committed 13184K, reserved 1060864K
  class space    used 1490K, capacity 1576K, committed 1664K, reserved 1048576K
Event: 2.518 GC heap after
Heap after GC invocations=9 (full 1):
 PSYoungGen      total 57344K, used 5116K [0x00000000d5f80000, 0x00000000dc680000, 0x0000000100000000)
  eden space 52224K, 0% used [0x00000000d5f80000,0x00000000d5f80000,0x00000000d9280000)
  from space 5120K, 99% used [0x00000000da580000,0x00000000daa7f0e0,0x00000000daa80000)
  to   space 19456K, 0% used [0x00000000d9280000,0x00000000d9280000,0x00000000da580000)
 ParOldGen       total 87552K, used 12143K [0x0000000081e00000, 0x0000000087380000, 0x00000000d5f80000)
  object space 87552K, 13% used [0x0000000081e00000,0x00000000829dbd40,0x0000000087380000)
 Metaspace       used 12811K, capacity 12996K, committed 13184K, reserved 1060864K
  class space    used 1490K, capacity 1576K, committed 1664K, reserved 1048576K
}
Event: 2.589 GC heap before
{Heap before GC invocations=10 (full 1):
 PSYoungGen      total 57344K, used 57340K [0x00000000d5f80000, 0x00000000dc680000, 0x0000000100000000)
  eden space 52224K, 100% used [0x00000000d5f80000,0x00000000d9280000,0x00000000d9280000)
  from space 5120K, 99% used [0x00000000da580000,0x00000000daa7f0e0,0x00000000daa80000)
  to   space 19456K, 0% used [0x00000000d9280000,0x00000000d9280000,0x00000000da580000)
 ParOldGen       total 87552K, used 12143K [0x0000000081e00000, 0x0000000087380000, 0x00000000d5f80000)
  object space 87552K, 13% used [0x0000000081e00000,0x00000000829dbd40,0x0000000087380000)
 Metaspace       used 12866K, capacity 13060K, committed 13184K, reserved 1060864K
  class space    used 1490K, capacity 1576K, committed 1664K, reserved 1048576K
Event: 2.594 GC heap after
Heap after GC invocations=10 (full 1):
 PSYoungGen      total 71680K, used 6940K [0x00000000d5f80000, 0x00000000de780000, 0x0000000100000000)
  eden space 52224K, 0% used [0x00000000d5f80000,0x00000000d5f80000,0x00000000d9280000)
  from space 19456K, 35% used [0x00000000d9280000,0x00000000d9947360,0x00000000da580000)
  to   space 17408K, 0% used [0x00000000dd680000,0x00000000dd680000,0x00000000de780000)
 ParOldGen       total 87552K, used 12151K [0x0000000081e00000, 0x0000000087380000, 0x00000000d5f80000)
  object space 87552K, 13% used [0x0000000081e00000,0x00000000829ddd40,0x0000000087380000)
 Metaspace       used 12866K, capacity 13060K, committed 13184K, reserved 1060864K
  class space    used 1490K, capacity 1576K, committed 1664K, reserved 1048576K
}

Deoptimization events (10 events):
Event: 2.483 Thread 0x000000001af81000 Uncommon trap: reason=unstable_if action=reinterpret pc=0x00000000032ed0bc method=java.text.DecimalFormat.getPositivePrefixFieldPositions()[Ljava/text/FieldPosition; @ 4
Event: 2.485 Thread 0x000000001af81000 Uncommon trap: reason=class_check action=maybe_recompile pc=0x0000000003180dac method=java.util.regex.Pattern$Node.study(Ljava/util/regex/Pattern$TreeInfo;)Z @ 12
Event: 2.485 Thread 0x000000001af81000 Uncommon trap: reason=class_check action=maybe_recompile pc=0x0000000003180dac method=java.util.regex.Pattern$Node.study(Ljava/util/regex/Pattern$TreeInfo;)Z @ 12
Event: 2.485 Thread 0x000000001af81000 Uncommon trap: reason=class_check action=maybe_recompile pc=0x0000000003180dac method=java.util.regex.Pattern$Node.study(Ljava/util/regex/Pattern$TreeInfo;)Z @ 12
Event: 2.485 Thread 0x000000001af81000 Uncommon trap: reason=class_check action=maybe_recompile pc=0x0000000003180dac method=java.util.regex.Pattern$Node.study(Ljava/util/regex/Pattern$TreeInfo;)Z @ 12
Event: 2.485 Thread 0x000000001af81000 Uncommon trap: reason=unstable_if action=reinterpret pc=0x000000000316750c method=java.util.regex.Matcher.reset()Ljava/util/regex/Matcher; @ 47
Event: 2.486 Thread 0x000000001b2a9000 Uncommon trap: reason=unstable_if action=reinterpret pc=0x000000000319b378 method=java.io.BufferedReader.readLine(Z)Ljava/lang/String; @ 153
Event: 2.587 Thread 0x000000001af81000 Uncommon trap: reason=unstable_if action=reinterpret pc=0x000000000334f1f0 method=math.SpVect.addGeneral(Lmath/SpVect;)Lmath/SpVect; @ 95
Event: 2.600 Thread 0x000000001af81000 Uncommon trap: reason=unstable_if action=reinterpret pc=0x00000000033507f8 method=fem.ContactAnalysis.assembleContactMatrices()V @ 889
Event: 2.616 Thread 0x000000001af81000 Uncommon trap: reason=unstable_if action=reinterpret pc=0x00000000033855d8 method=math.SpMat.ichol(D)Lmath/SpMat; @ 606

Classes redefined (0 events):
No events

Internal exceptions (10 events):
Event: 0.180 Thread 0x00000000028fe000 Exception <a 'java/security/PrivilegedActionException'> (0x00000000d61dbca0) thrown at [C:\re\workspace\8-2-build-windows-amd64-cygwin\jdk8u201\12322\hotspot\src\share\vm\prims\jvm.cpp, line 1502]
Event: 0.180 Thread 0x00000000028fe000 Exception <a 'java/security/PrivilegedActionException'> (0x00000000d61dbeb0) thrown at [C:\re\workspace\8-2-build-windows-amd64-cygwin\jdk8u201\12322\hotspot\src\share\vm\prims\jvm.cpp, line 1502]
Event: 0.184 Thread 0x00000000028fe000 Exception <a 'java/io/FileNotFoundException'> (0x00000000d61de388) thrown at [C:\re\workspace\8-2-build-windows-amd64-cygwin\jdk8u201\12322\hotspot\src\share\vm\prims\jni.cpp, line 709]
Event: 0.219 Thread 0x00000000028fe000 Exception <a 'java/lang/NoSuchFieldError': method resolution failed> (0x00000000d62aeb60) thrown at [C:\re\workspace\8-2-build-windows-amd64-cygwin\jdk8u201\12322\hotspot\src\share\vm\prims\methodHandles.cpp, line 1167]
Event: 0.221 Thread 0x00000000028fe000 Exception <a 'java/lang/NoSuchFieldError': method resolution failed> (0x00000000d62bbf30) thrown at [C:\re\workspace\8-2-build-windows-amd64-cygwin\jdk8u201\12322\hotspot\src\share\vm\prims\methodHandles.cpp, line 1167]
Event: 0.259 Thread 0x00000000028fe000 Exception <a 'java/io/FileNotFoundException'> (0x00000000d6355838) thrown at [C:\re\workspace\8-2-build-windows-amd64-cygwin\jdk8u201\12322\hotspot\src\share\vm\prims\jni.cpp, line 709]
Event: 0.288 Thread 0x00000000028fe000 Implicit null exception at 0x000000000302b5e2 to 0x000000000302b791
Event: 0.353 Thread 0x00000000028fe000 Exception <a 'java/io/FileNotFoundException'> (0x00000000d64c9308) thrown at [C:\re\workspace\8-2-build-windows-amd64-cygwin\jdk8u201\12322\hotspot\src\share\vm\prims\jni.cpp, line 709]
Event: 0.353 Thread 0x00000000028fe000 Exception <a 'java/lang/NullPointerException'> (0x00000000d64c98f8) thrown at [C:\re\workspace\8-2-build-windows-amd64-cygwin\jdk8u201\12322\hotspot\src\share\vm\interpreter\linkResolver.cpp, line 1185]
Event: 2.483 Thread 0x000000001af81000 Implicit null exception at 0x00000000032a1a91 to 0x00000000032a1f69

Events (10 events):
Event: 2.600 Thread 0x000000001af81000 Uncommon trap: trap_request=0xffffff65 fr.pc=0x00000000033507f8
Event: 2.600 Thread 0x000000001af81000 DEOPT PACKING pc=0x00000000033507f8 sp=0x000000001d80e8e0
Event: 2.600 Thread 0x000000001af81000 DEOPT UNPACKING pc=0x0000000002ef583b sp=0x000000001d80e860 mode 2
Event: 2.606 Thread 0x000000001af81000 DEOPT PACKING pc=0x00000000032b1e17 sp=0x000000001d80e860
Event: 2.606 Thread 0x000000001af81000 DEOPT UNPACKING pc=0x0000000002ef7890 sp=0x000000001d80e588 mode 0
Event: 2.614 Thread 0x000000001af81000 DEOPT PACKING pc=0x0000000003360d9c sp=0x000000001d80e6a0
Event: 2.614 Thread 0x000000001af81000 DEOPT UNPACKING pc=0x0000000002ef7890 sp=0x000000001d80e510 mode 0
Event: 2.616 Thread 0x000000001af81000 Uncommon trap: trap_request=0xffffff65 fr.pc=0x00000000033855d8
Event: 2.616 Thread 0x000000001af81000 DEOPT PACKING pc=0x00000000033855d8 sp=0x000000001d80e7c0
Event: 2.616 Thread 0x000000001af81000 DEOPT UNPACKING pc=0x0000000002ef583b sp=0x000000001d80e7a0 mode 2


Dynamic libraries:
0x00007ff7ef240000 - 0x00007ff7ef277000 	C:\Program Files\Java\jre1.8.0_201\bin\javaw.exe
0x00007ffb20170000 - 0x00007ffb20365000 	C:\WINDOWS\SYSTEM32\ntdll.dll
0x00007ffb1e9c0000 - 0x00007ffb1ea7d000 	C:\WINDOWS\System32\KERNEL32.DLL
0x00007ffb1db20000 - 0x00007ffb1dde9000 	C:\WINDOWS\System32\KERNELBASE.dll
0x00007ffb1e910000 - 0x00007ffb1e9bc000 	C:\WINDOWS\System32\ADVAPI32.dll
0x00007ffb1f240000 - 0x00007ffb1f2de000 	C:\WINDOWS\System32\msvcrt.dll
0x00007ffb1fc00000 - 0x00007ffb1fc9c000 	C:\WINDOWS\System32\sechost.dll
0x00007ffb1ffa0000 - 0x00007ffb200cb000 	C:\WINDOWS\System32\RPCRT4.dll
0x00007ffb1e530000 - 0x00007ffb1e6d0000 	C:\WINDOWS\System32\USER32.dll
0x00007ffb1ddf0000 - 0x00007ffb1de12000 	C:\WINDOWS\System32\win32u.dll
0x00007ffb1fbd0000 - 0x00007ffb1fbfa000 	C:\WINDOWS\System32\GDI32.dll
0x00007ffb1d8b0000 - 0x00007ffb1d9bb000 	C:\WINDOWS\System32\gdi32full.dll
0x00007ffb1e0b0000 - 0x00007ffb1e14d000 	C:\WINDOWS\System32\msvcp_win.dll
0x00007ffb1de20000 - 0x00007ffb1df20000 	C:\WINDOWS\System32\ucrtbase.dll
0x00007ffafac00000 - 0x00007ffafae9a000 	C:\WINDOWS\WinSxS\amd64_microsoft.windows.common-controls_6595b64144ccf1df_6.0.19041.844_none_ca00b6081b84eb1d\COMCTL32.dll
0x00007ffb1ef00000 - 0x00007ffb1ef30000 	C:\WINDOWS\System32\IMM32.DLL
0x0000000054c80000 - 0x0000000054d51000 	C:\Program Files\Java\jre1.8.0_201\bin\msvcr100.dll
0x0000000054d60000 - 0x0000000055604000 	C:\Program Files\Java\jre1.8.0_201\bin\server\jvm.dll
0x00007ffb1ff90000 - 0x00007ffb1ff98000 	C:\WINDOWS\System32\PSAPI.DLL
0x00007ffb13d50000 - 0x00007ffb13d77000 	C:\WINDOWS\SYSTEM32\WINMM.dll
0x00007ffb18060000 - 0x00007ffb18069000 	C:\WINDOWS\SYSTEM32\WSOCK32.dll
0x00007ffb1fe00000 - 0x00007ffb1fe6b000 	C:\WINDOWS\System32\WS2_32.dll
0x00007ffb161d0000 - 0x00007ffb161da000 	C:\WINDOWS\SYSTEM32\VERSION.dll
0x00007ffb157b0000 - 0x00007ffb157bf000 	C:\Program Files\Java\jre1.8.0_201\bin\verify.dll
0x00007ffafa930000 - 0x00007ffafa959000 	C:\Program Files\Java\jre1.8.0_201\bin\java.dll
0x00007ffb110f0000 - 0x00007ffb11106000 	C:\Program Files\Java\jre1.8.0_201\bin\zip.dll
0x00007ffb1f480000 - 0x00007ffb1fbc2000 	C:\WINDOWS\System32\SHELL32.dll
0x00007ffb1b7e0000 - 0x00007ffb1bf70000 	C:\WINDOWS\SYSTEM32\windows.storage.dll
0x00007ffb1e1d0000 - 0x00007ffb1e525000 	C:\WINDOWS\System32\combase.dll
0x00007ffb1d250000 - 0x00007ffb1d27c000 	C:\WINDOWS\SYSTEM32\Wldp.dll
0x00007ffb1e7b0000 - 0x00007ffb1e85e000 	C:\WINDOWS\System32\SHCORE.dll
0x00007ffb200d0000 - 0x00007ffb20125000 	C:\WINDOWS\System32\shlwapi.dll
0x00007ffb1d7f0000 - 0x00007ffb1d80f000 	C:\WINDOWS\SYSTEM32\profapi.dll
0x00007ffaf7840000 - 0x00007ffaf79d9000 	C:\Program Files\Java\jre1.8.0_201\bin\awt.dll
0x00007ffb1efc0000 - 0x00007ffb1f08d000 	C:\WINDOWS\System32\OLEAUT32.dll
0x00007ffb1af90000 - 0x00007ffb1b020000 	C:\WINDOWS\SYSTEM32\apphelp.dll
0x00007ffb1b360000 - 0x00007ffb1b38f000 	C:\WINDOWS\system32\DWMAPI.DLL
0x00007ffb1b080000 - 0x00007ffb1b11e000 	C:\WINDOWS\system32\uxtheme.dll
0x00007ffaf91a0000 - 0x00007ffaf92c6000 	C:\WINDOWS\system32\opengl32.dll
0x00007ffb088f0000 - 0x00007ffb0891c000 	C:\WINDOWS\SYSTEM32\GLU32.dll
0x00007ffb1fe70000 - 0x00007ffb1ff85000 	C:\WINDOWS\System32\MSCTF.dll
0x00007ffb1f350000 - 0x00007ffb1f47a000 	C:\WINDOWS\System32\ole32.dll
0x00007ffb1c1e0000 - 0x00007ffb1c1f2000 	C:\WINDOWS\SYSTEM32\kernel.appcore.dll
0x00007ffb1e150000 - 0x00007ffb1e1d0000 	C:\WINDOWS\System32\bcryptPrimitives.dll
0x00007ffb08cb0000 - 0x00007ffb08cf7000 	C:\Program Files\Java\jre1.8.0_201\bin\fontmanager.dll
0x00007ffb08e40000 - 0x00007ffb08e5a000 	C:\Program Files\Java\jre1.8.0_201\bin\net.dll
0x00007ffb0f890000 - 0x00007ffb0fa7e000 	C:\WINDOWS\SYSTEM32\urlmon.dll
0x00007ffb0f190000 - 0x00007ffb0f440000 	C:\WINDOWS\SYSTEM32\iertutil.dll
0x00007ffb1cfd0000 - 0x00007ffb1d03a000 	C:\WINDOWS\system32\mswsock.dll
0x00007ffb08960000 - 0x00007ffb08971000 	C:\Program Files\Java\jre1.8.0_201\bin\nio.dll
0x00007ffb08540000 - 0x00007ffb08582000 	C:\Program Files\Java\jre1.8.0_201\bin\t2k.dll
0x00007ffb1e860000 - 0x00007ffb1e909000 	C:\WINDOWS\System32\clbcatq.dll
0x00007ffb044e0000 - 0x00007ffb04694000 	C:\WINDOWS\SYSTEM32\WindowsCodecs.dll
0x00007ffb1df70000 - 0x00007ffb1df97000 	C:\WINDOWS\System32\bcrypt.dll
0x00007ffb04950000 - 0x00007ffb0498e000 	C:\WINDOWS\system32\dataexchange.dll
0x00007ffb195e0000 - 0x00007ffb19844000 	C:\WINDOWS\system32\d3d11.dll
0x00007ffb1a460000 - 0x00007ffb1a647000 	C:\WINDOWS\system32\dcomp.dll
0x00007ffb1c200000 - 0x00007ffb1c2f3000 	C:\WINDOWS\system32\dxgi.dll
0x00007ffb07b20000 - 0x00007ffb07d21000 	C:\WINDOWS\system32\twinapi.appcore.dll
0x00007ffb03ee0000 - 0x00007ffb03fdb000 	C:\WINDOWS\SYSTEM32\textinputframework.dll
0x00007ffb1a9d0000 - 0x00007ffb1ad2e000 	C:\WINDOWS\System32\CoreUIComponents.dll
0x00007ffb1ad30000 - 0x00007ffb1ae22000 	C:\WINDOWS\System32\CoreMessaging.dll
0x00007ffb1c600000 - 0x00007ffb1c633000 	C:\WINDOWS\SYSTEM32\ntmarta.dll
0x00007ffb1a2b0000 - 0x00007ffb1a404000 	C:\WINDOWS\SYSTEM32\wintypes.dll

VM Arguments:
jvm_args: -Dfile.encoding=MS932 
java_command: fem.ContactAnalysis
java_class_path (initial): D:\JavaWorks\MagFem2018\bin;D:\JavaWorks\JavaLibraries\jtransforms-2.4.jar;D:\JavaWorks\JavaLibraries\jmathplot.jar;D:\JavaWorks\JavaLibraries\Jama.jar
Launcher Type: SUN_STANDARD

Environment Variables:
PATH=C:/Program Files/Java/jre1.8.0_201/bin/server;C:/Program Files/Java/jre1.8.0_201/bin;C:/Program Files/Java/jre1.8.0_201/lib/amd64;C:\Program Files\Microsoft MPI\Bin\;C:\Program Files (x86)\IntelSWToolsMPI\compilers_and_libraries_2018.5.274\windows\mpi\intel64\bin;C:\Program Files (x86)\Common Files\Oracle\Java\javapath;C:\WINDOWS\system32;C:\WINDOWS;C:\WINDOWS\System32\Wbem;C:\WINDOWS\System32\WindowsPowerShell\v1.0\;C:\WINDOWS\System32\OpenSSH\;C:\Program Files (x86)\GitExtensions\;C:\Program Files\Git\cmd;C:\MinGW\bin;C:\MinGW\msys\1.0\bin;;C:\Program Files (x86)\FreeFem++;C:\Users\Hassan\AppData\Local\Microsoft\WindowsApps;C:\Program Files\Java\Java3D\1.5.1\bin;C:\Users\Hassan\AppData\Local\Programs\Julia 1.5.1\bin;;C:\Users\Hassan\AppData\Local\Programs\Microsoft VS Code\bin;C:\Software\eclipse-java-neon-2-win32-x86_64\eclipse;
USERNAME=Hassan
OS=Windows_NT
PROCESSOR_IDENTIFIER=Intel64 Family 6 Model 142 Stepping 10, GenuineIntel



---------------  S Y S T E M  ---------------

OS: Windows 10.0 , 64 bit Build 19041 (10.0.19041.804)

CPU:total 8 (initial active 8) (4 cores per cpu, 2 threads per core) family 6 model 142 stepping 10, cmov, cx8, fxsr, mmx, sse, sse2, sse3, ssse3, sse4.1, sse4.2, popcnt, avx, avx2, aes, clmul, erms, 3dnowpref, lzcnt, ht, tsc, tscinvbit, bmi1, bmi2, adx

Memory: 4k page, physical 8262144k(913952k free), swap 24389628k(5420k free)

vm_info: Java HotSpot(TM) 64-Bit Server VM (25.201-b09) for windows-amd64 JRE (1.8.0_201-b09), built on Dec 15 2018 18:36:39 by "java_re" with MS VC++ 10.0 (VS2010)

time: Wed Apr 14 00:40:41 2021
timezone: Tokyo Standard Time
elapsed time: 2 seconds (0d 0h 0m 2s)

